<?xml version="1.0" encoding="UTF-8"?>
<!-- Generated by org.testng.reporters.JUnitXMLReporter -->
<testsuite ignored="0" hostname="NC2LW11NK3" failures="1" tests="2" name="App Launch Tests" time="45.305" errors="0" timestamp="2026-01-18T16:39:58 IST">
  <testcase classname="base.BaseTest" name="@BeforeMethod setUp" time="45.084">
    <failure type="org.openqa.selenium.SessionNotCreatedException" message="Could not start a new session. Response code 500. Message: The instrumentation process cannot be initialized within 30000ms timeout. Make sure the application under test does not crash and investigate the logcat output. You could also try to increase the value of &amp;apos;uiautomator2ServerLaunchTimeout&amp;apos; capability 
Host info: host: &amp;apos;NC2LW11NK3&amp;apos;, ip: &amp;apos;169.254.228.90&amp;apos;
Build info: version: &amp;apos;4.23.0&amp;apos;, revision: &amp;apos;4df0a231af&amp;apos;
System info: os.name: &amp;apos;Windows 11&amp;apos;, os.arch: &amp;apos;amd64&amp;apos;, os.version: &amp;apos;10.0&amp;apos;, java.version: &amp;apos;23.0.1&amp;apos;
Driver info: io.appium.java_client.android.AndroidDriver
Command: [null, newSession {capabilities=[{platformName=ANDROID, appium:deviceName=emulator-5556, appium:appPackage=com.socialnmobile.dictapps.notepad.color.note, appium:autoGrantPermissions=true, appium:noReset=true, appium:appActivity=com.socialnmobile.colornote.activity.Main, appium:app=D:\colornote-notepad-4-6-0.apk, appium:platformVersion=15, appium:ignoreHiddenApiPolicyError=true, appium:automationName=UiAutomator2, appium:adbExecTimeout=120000}], desiredCapabilities=Capabilities {appium:adbExecTimeout: 120000, appium:app: D:\colornote-notepad-4-6-0.apk, appium:appActivity: com.socialnmobile.colornote..., appium:appPackage: com.socialnmobile.dictapps...., appium:autoGrantPermissions: true, appium:automationName: UiAutomator2, appium:deviceName: emulator-5556, appium:ignoreHiddenApiPolicyError: true, appium:noReset: true, appium:platformVersion: 15, platformName: ANDROID}}]
Capabilities {appium:adbExecTimeout: 120000, appium:app: D:\colornote-notepad-4-6-0.apk, appium:appActivity: com.socialnmobile.colornote..., appium:appPackage: com.socialnmobile.dictapps...., appium:autoGrantPermissions: true, appium:automationName: UiAutomator2, appium:deviceName: emulator-5556, appium:ignoreHiddenApiPolicyError: true, appium:noReset: true, appium:platformVersion: 15, platformName: ANDROID}">
      <![CDATA[org.openqa.selenium.SessionNotCreatedException: Could not start a new session. Response code 500. Message: The instrumentation process cannot be initialized within 30000ms timeout. Make sure the application under test does not crash and investigate the logcat output. You could also try to increase the value of 'uiautomator2ServerLaunchTimeout' capability 
Host info: host: 'NC2LW11NK3', ip: '169.254.228.90'
Build info: version: '4.23.0', revision: '4df0a231af'
System info: os.name: 'Windows 11', os.arch: 'amd64', os.version: '10.0', java.version: '23.0.1'
Driver info: io.appium.java_client.android.AndroidDriver
Command: [null, newSession {capabilities=[{platformName=ANDROID, appium:deviceName=emulator-5556, appium:appPackage=com.socialnmobile.dictapps.notepad.color.note, appium:autoGrantPermissions=true, appium:noReset=true, appium:appActivity=com.socialnmobile.colornote.activity.Main, appium:app=D:\colornote-notepad-4-6-0.apk, appium:platformVersion=15, appium:ignoreHiddenApiPolicyError=true, appium:automationName=UiAutomator2, appium:adbExecTimeout=120000}], desiredCapabilities=Capabilities {appium:adbExecTimeout: 120000, appium:app: D:\colornote-notepad-4-6-0.apk, appium:appActivity: com.socialnmobile.colornote..., appium:appPackage: com.socialnmobile.dictapps...., appium:autoGrantPermissions: true, appium:automationName: UiAutomator2, appium:deviceName: emulator-5556, appium:ignoreHiddenApiPolicyError: true, appium:noReset: true, appium:platformVersion: 15, platformName: ANDROID}}]
Capabilities {appium:adbExecTimeout: 120000, appium:app: D:\colornote-notepad-4-6-0.apk, appium:appActivity: com.socialnmobile.colornote..., appium:appPackage: com.socialnmobile.dictapps...., appium:autoGrantPermissions: true, appium:automationName: UiAutomator2, appium:deviceName: emulator-5556, appium:ignoreHiddenApiPolicyError: true, appium:noReset: true, appium:platformVersion: 15, platformName: ANDROID}
at org.openqa.selenium.remote.ProtocolHandshake.createSession(ProtocolHandshake.java:114)
at io.appium.java_client.remote.AppiumProtocolHandshake.createSession(AppiumProtocolHandshake.java:116)
at io.appium.java_client.remote.AppiumProtocolHandshake.createSession(AppiumProtocolHandshake.java:96)
at io.appium.java_client.remote.AppiumCommandExecutor.createSession(AppiumCommandExecutor.java:176)
at io.appium.java_client.remote.AppiumCommandExecutor.execute(AppiumCommandExecutor.java:237)
at org.openqa.selenium.remote.RemoteWebDriver.execute(RemoteWebDriver.java:527)
at io.appium.java_client.AppiumDriver.startSession(AppiumDriver.java:268)
at org.openqa.selenium.remote.RemoteWebDriver.<init>(RemoteWebDriver.java:163)
at io.appium.java_client.AppiumDriver.<init>(AppiumDriver.java:90)
at io.appium.java_client.AppiumDriver.<init>(AppiumDriver.java:102)
at io.appium.java_client.android.AndroidDriver.<init>(AndroidDriver.java:109)
at base.BaseTest.setUp(BaseTest.java:36)
at java.base/java.util.ArrayList.forEach(ArrayList.java:1597)
at java.base/java.util.concurrent.FutureTask.run(FutureTask.java:317)
at java.base/java.util.concurrent.ThreadPoolExecutor.runWorker(ThreadPoolExecutor.java:1144)
at java.base/java.util.concurrent.ThreadPoolExecutor$Worker.run(ThreadPoolExecutor.java:642)
at java.base/java.lang.Thread.run(Thread.java:1575)
... Removed 22 stack frames]]>
    </failure>
  </testcase> <!-- @BeforeMethod setUp -->
  <testcase classname="tests.AppLaunchTest" name="@AfterClass flushReport" time="-1.768734598189E9">
    <skipped/>
  </testcase> <!-- @AfterClass flushReport -->
  <testcase classname="tests.AppLaunchTest" name="verifyAppLaunchAndHomeOptions" time="0.0">
    <skipped/>
  </testcase> <!-- verifyAppLaunchAndHomeOptions -->
  <testcase classname="tests.AppLaunchTest" name="verifyAppLaunchAndHomeOptions" time="45.221">
    <failure type="java.lang.NullPointerException" message="Cannot invoke &amp;quot;org.openqa.selenium.TakesScreenshot.getScreenshotAs(org.openqa.selenium.OutputType)&amp;quot; because &amp;quot;driver&amp;quot; is null">
      <![CDATA[java.lang.NullPointerException: Cannot invoke "org.openqa.selenium.TakesScreenshot.getScreenshotAs(org.openqa.selenium.OutputType)" because "driver" is null
at utils.ScreenshotUtil.captureScreenshot(ScreenshotUtil.java:18)
at utils.TestListener.onTestSkipped(TestListener.java:37)
at java.base/java.util.ArrayList.forEach(ArrayList.java:1597)
at java.base/java.util.concurrent.FutureTask.run(FutureTask.java:317)
at java.base/java.util.concurrent.ThreadPoolExecutor.runWorker(ThreadPoolExecutor.java:1144)
at java.base/java.util.concurrent.ThreadPoolExecutor$Worker.run(ThreadPoolExecutor.java:642)
at java.base/java.lang.Thread.run(Thread.java:1575)
... Removed 16 stack frames]]>
    </failure>
  </testcase> <!-- verifyAppLaunchAndHomeOptions -->
</testsuite> <!-- App Launch Tests -->
