<?xml version="1.0" encoding="UTF-8"?>
<!-- Generated by org.testng.reporters.JUnitReportReporter -->
<testsuite hostname="NC2LW11NK3" failures="0" tests="1" name="tests.AppLaunchTest" time="114.768" errors="1" timestamp="2026-01-18T17:12:36 IST" skipped="0">
  <testcase classname="tests.AppLaunchTest" name="verifyAppLaunchAndHomeOptions" time="114.768">
    <error message="An element could not be located on the page using the given search parameters.
For documentation on this error, please visit: https://www.selenium.dev/documentation/webdriver/troubleshooting/errors#no-such-element-exception
Build info: version: &#039;4.23.0&#039;, revision: &#039;4df0a231af&#039;
System info: os.name: &#039;Windows 11&#039;, os.arch: &#039;amd64&#039;, os.version: &#039;10.0&#039;, java.version: &#039;23.0.1&#039;
Driver info: io.appium.java_client.android.AndroidDriver
Command: [26783822-e63d-4f8f-a21e-96a1d3785f70, findElement {value=//*[@text=&#039;Notes&#039;], using=xpath}]
Capabilities {appium:adbExecTimeout: 120000, appium:app: D:\colornote-notepad-4-6-0.apk, appium:appActivity: com.socialnmobile.colornote..., appium:appPackage: com.socialnmobile.dictapps...., appium:autoGrantPermissions: true, appium:automationName: UiAutomator2, appium:databaseEnabled: false, appium:desired: {adbExecTimeout: 120000, app: D:\colornote-notepad-4-6-0.apk, appActivity: com.socialnmobile.colornote..., appPackage: com.socialnmobile.dictapps...., autoGrantPermissions: true, automationName: UiAutomator2, deviceName: emulator-5556, disableWindowAnimation: true, ignoreHiddenApiPolicyError: true, newCommandTimeout: 300, noReset: true, platformName: ANDROID, uiautomator2ServerLaunchTimeout: 120000}, appium:deviceApiLevel: 35, appium:deviceManufacturer: Google, appium:deviceModel: sdk_gphone64_x86_64, appium:deviceName: emulator-5556, appium:deviceScreenDensity: 420, appium:deviceScreenSize: 1080x2092, appium:deviceUDID: emulator-5556, appium:disableWindowAnimation: true, appium:ignoreHiddenApiPolicyError: true, appium:javascriptEnabled: true, appium:locationContextEnabled: false, appium:networkConnectionEnabled: true, appium:newCommandTimeout: 300, appium:noReset: true, appium:pixelRatio: 2.625, appium:platformVersion: 15, appium:statBarHeight: 144, appium:takesScreenshot: true, appium:uiautomator2ServerLaunchTimeout: 120000, appium:viewportRect: {height: 1948, left: 0, top: 144, width: 1080}, appium:warnings: {}, appium:webStorageEnabled: false, platformName: ANDROID}
Session ID: 26783822-e63d-4f8f-a21e-96a1d3785f70" type="org.openqa.selenium.NoSuchElementException">
      <![CDATA[org.openqa.selenium.NoSuchElementException: An element could not be located on the page using the given search parameters.
For documentation on this error, please visit: https://www.selenium.dev/documentation/webdriver/troubleshooting/errors#no-such-element-exception
Build info: version: '4.23.0', revision: '4df0a231af'
System info: os.name: 'Windows 11', os.arch: 'amd64', os.version: '10.0', java.version: '23.0.1'
Driver info: io.appium.java_client.android.AndroidDriver
Command: [26783822-e63d-4f8f-a21e-96a1d3785f70, findElement {value=//*[@text='Notes'], using=xpath}]
Capabilities {appium:adbExecTimeout: 120000, appium:app: D:\colornote-notepad-4-6-0.apk, appium:appActivity: com.socialnmobile.colornote..., appium:appPackage: com.socialnmobile.dictapps...., appium:autoGrantPermissions: true, appium:automationName: UiAutomator2, appium:databaseEnabled: false, appium:desired: {adbExecTimeout: 120000, app: D:\colornote-notepad-4-6-0.apk, appActivity: com.socialnmobile.colornote..., appPackage: com.socialnmobile.dictapps...., autoGrantPermissions: true, automationName: UiAutomator2, deviceName: emulator-5556, disableWindowAnimation: true, ignoreHiddenApiPolicyError: true, newCommandTimeout: 300, noReset: true, platformName: ANDROID, uiautomator2ServerLaunchTimeout: 120000}, appium:deviceApiLevel: 35, appium:deviceManufacturer: Google, appium:deviceModel: sdk_gphone64_x86_64, appium:deviceName: emulator-5556, appium:deviceScreenDensity: 420, appium:deviceScreenSize: 1080x2092, appium:deviceUDID: emulator-5556, appium:disableWindowAnimation: true, appium:ignoreHiddenApiPolicyError: true, appium:javascriptEnabled: true, appium:locationContextEnabled: false, appium:networkConnectionEnabled: true, appium:newCommandTimeout: 300, appium:noReset: true, appium:pixelRatio: 2.625, appium:platformVersion: 15, appium:statBarHeight: 144, appium:takesScreenshot: true, appium:uiautomator2ServerLaunchTimeout: 120000, appium:viewportRect: {height: 1948, left: 0, top: 144, width: 1080}, appium:warnings: {}, appium:webStorageEnabled: false, platformName: ANDROID}
Session ID: 26783822-e63d-4f8f-a21e-96a1d3785f70
at java.base/jdk.internal.reflect.DirectConstructorHandleAccessor.newInstance(DirectConstructorHandleAccessor.java:62)
at java.base/java.lang.reflect.Constructor.newInstanceWithCaller(Constructor.java:501)
at java.base/java.lang.reflect.Constructor.newInstance(Constructor.java:485)
at org.openqa.selenium.remote.ErrorCodec.decode(ErrorCodec.java:167)
at org.openqa.selenium.remote.codec.w3c.W3CHttpResponseCodec.decode(W3CHttpResponseCodec.java:138)
at org.openqa.selenium.remote.codec.w3c.W3CHttpResponseCodec.decode(W3CHttpResponseCodec.java:50)
at org.openqa.selenium.remote.HttpCommandExecutor.execute(HttpCommandExecutor.java:190)
at io.appium.java_client.remote.AppiumCommandExecutor.execute(AppiumCommandExecutor.java:237)
at org.openqa.selenium.remote.RemoteWebDriver.execute(RemoteWebDriver.java:527)
at org.openqa.selenium.remote.ElementLocation$ElementFinder$2.findElement(ElementLocation.java:165)
at org.openqa.selenium.remote.ElementLocation.findElement(ElementLocation.java:59)
at org.openqa.selenium.remote.RemoteWebDriver.findElement(RemoteWebDriver.java:357)
at org.openqa.selenium.remote.RemoteWebDriver.findElement(RemoteWebDriver.java:351)
at pages.HomePage.isNotesVisible(HomePage.java:20)
at tests.AppLaunchTest.verifyAppLaunchAndHomeOptions(AppLaunchTest.java:27)
at java.base/jdk.internal.reflect.DirectMethodHandleAccessor.invoke(DirectMethodHandleAccessor.java:103)
at java.base/java.lang.reflect.Method.invoke(Method.java:580)
at org.testng.internal.MethodInvocationHelper.invokeMethod(MethodInvocationHelper.java:133)
at org.testng.internal.TestInvoker.invokeMethod(TestInvoker.java:598)
at org.testng.internal.TestInvoker.invokeTestMethod(TestInvoker.java:173)
at org.testng.internal.MethodRunner.runInSequence(MethodRunner.java:46)
at org.testng.internal.TestInvoker$MethodInvocationAgent.invoke(TestInvoker.java:824)
at org.testng.internal.TestInvoker.invokeTestMethods(TestInvoker.java:146)
at org.testng.internal.TestMethodWorker.invokeTestMethods(TestMethodWorker.java:146)
at org.testng.internal.TestMethodWorker.run(TestMethodWorker.java:128)
at java.base/java.util.ArrayList.forEach(ArrayList.java:1597)
at org.testng.TestRunner.privateRun(TestRunner.java:794)
at org.testng.TestRunner.run(TestRunner.java:596)
at org.testng.SuiteRunner.runTest(SuiteRunner.java:377)
at org.testng.SuiteRunner.runSequentially(SuiteRunner.java:371)
at org.testng.SuiteRunner.privateRun(SuiteRunner.java:332)
at org.testng.SuiteRunner.run(SuiteRunner.java:276)
at org.testng.SuiteRunnerWorker.runSuite(SuiteRunnerWorker.java:53)
at org.testng.SuiteRunnerWorker.run(SuiteRunnerWorker.java:96)
at org.testng.TestNG.runSuitesSequentially(TestNG.java:1212)
at org.testng.TestNG.runSuitesLocally(TestNG.java:1134)
at org.testng.TestNG.runSuites(TestNG.java:1063)
at org.testng.TestNG.run(TestNG.java:1031)
at org.testng.remote.AbstractRemoteTestNG.run(AbstractRemoteTestNG.java:115)
at org.testng.remote.RemoteTestNG.initAndRun(RemoteTestNG.java:293)
at org.testng.remote.RemoteTestNG.main(RemoteTestNG.java:91)
]]>
    </error>
  </testcase> <!-- verifyAppLaunchAndHomeOptions -->
  <system-out/>
</testsuite> <!-- tests.AppLaunchTest -->
